Using pre-set license
Built from '2020.3/release' branch; Version is '2020.3.1f1 (77a89f25062f) revision 7841951'; Using compiler version '192528614'; Build Type 'Release'
OS: 'Windows 10 Home; OS build 19042.928; Version 2009; 64bit' Language: 'ko' Physical Memory: 16310 MB
BatchMode: 1, IsHumanControllingUs: 0, StartBugReporterOnCrash: 0, Is64bit: 1, IsPro: 0

 COMMAND LINE ARGUMENTS:
C:\Program Files\Unity\Hub\Editor\2020.3.1f1\Editor\Unity.exe
-adb2
-batchMode
-noUpm
-name
AssetImportWorker0
-projectPath
C:/Users/hhh57/Desktop/Project/Unity/2DMobile_Project
-logFile
Logs/AssetImportWorker0.log
-srvPort
52160
Successfully changed project path to: C:/Users/hhh57/Desktop/Project/Unity/2DMobile_Project
C:/Users/hhh57/Desktop/Project/Unity/2DMobile_Project
Using Asset Import Pipeline V2.
Refreshing native plugins compatible for Editor in 46.06 ms, found 1 plugins.
Preloading 0 native plugins for Editor in 0.00 ms.
Initialize engine version: 2020.3.1f1 (77a89f25062f)
[Subsystems] Discovering subsystems at path C:/Program Files/Unity/Hub/Editor/2020.3.1f1/Editor/Data/Resources/UnitySubsystems
[Subsystems] Discovering subsystems at path C:/Users/hhh57/Desktop/Project/Unity/2DMobile_Project/Assets
GfxDevice: creating device client; threaded=0
Direct3D:
    Version:  Direct3D 11.0 [level 11.1]
    Renderer: NVIDIA GeForce RTX 3070 (ID=0x2484)
    Vendor:   
    VRAM:     8043 MB
    Driver:   27.21.14.5751
Initialize mono
Mono path[0] = 'C:/Program Files/Unity/Hub/Editor/2020.3.1f1/Editor/Data/Managed'
Mono path[1] = 'C:/Program Files/Unity/Hub/Editor/2020.3.1f1/Editor/Data/MonoBleedingEdge/lib/mono/unityjit'
Mono config path = 'C:/Program Files/Unity/Hub/Editor/2020.3.1f1/Editor/Data/MonoBleedingEdge/etc'
Using monoOptions --debugger-agent=transport=dt_socket,embedding=1,server=y,suspend=n,address=127.0.0.1:56340
Begin MonoManager ReloadAssembly
Registering precompiled unity dll's ...
Register platform support module: C:/Program Files/Unity/Hub/Editor/2020.3.1f1/Editor/Data/PlaybackEngines/WindowsStandaloneSupport/UnityEditor.WindowsStandalone.Extensions.dll
Registered in 0.002544 seconds.
Native extension for WindowsStandalone target not found
Refreshing native plugins compatible for Editor in 42.30 ms, found 1 plugins.
Preloading 0 native plugins for Editor in 0.00 ms.
Invoked RoslynAnalysisRunner static constructor.
RoslynAnalysisRunner will not be running.
RoslynAnalysisRunner has terminated.
Mono: successfully reloaded assembly
- Completed reload, in  1.917 seconds
Platform modules already initialized, skipping
Registering precompiled user dll's ...
Registered in 0.001414 seconds.
Begin MonoManager ReloadAssembly
Native extension for WindowsStandalone target not found
Refreshing native plugins compatible for Editor in 42.32 ms, found 1 plugins.
Preloading 0 native plugins for Editor in 0.00 ms.
Invoked RoslynAnalysisRunner static constructor.
RoslynAnalysisRunner will not be running.
RoslynAnalysisRunner has terminated.
Mono: successfully reloaded assembly
- Completed reload, in  0.795 seconds
Platform modules already initialized, skipping
========================================================================
Worker process is ready to serve import requests
Launched and connected shader compiler UnityShaderCompiler.exe after 0.05 seconds
Refreshing native plugins compatible for Editor in 0.68 ms, found 1 plugins.
Preloading 0 native plugins for Editor in 0.00 ms.
Unloading 1914 Unused Serialized files (Serialized files now loaded: 0)
System memory in use before: 90.2 MB.
System memory in use after: 90.3 MB.

Unloading 32 unused Assets to reduce memory usage. Loaded Objects now: 2351.
Total: 1.786100 ms (FindLiveObjects: 0.251900 ms CreateObjectMapping: 0.044000 ms MarkObjects: 1.432300 ms  DeleteObjects: 0.057200 ms)

========================================================================
Received Import Request.
  path: Assets/Minimap/MapTexture.renderTexture
  artifactKey: Guid(3a706e884b7da3b4d8a98c84e8089811) Importer(815301076,1909f56bfc062723c751e8b465ee728b)
Start importing Assets/Minimap/MapTexture.renderTexture using Guid(3a706e884b7da3b4d8a98c84e8089811) Importer(815301076,1909f56bfc062723c751e8b465ee728b)  -> (artifact id: '70a06b901c8d1015d52304a40865465a') in 0.067282 seconds
  Import took 0.070318 seconds .

========================================================================
Received Prepare
Registering precompiled user dll's ...
Registered in 0.001148 seconds.
Begin MonoManager ReloadAssembly
Native extension for WindowsStandalone target not found
Refreshing native plugins compatible for Editor in 0.54 ms, found 1 plugins.
Preloading 0 native plugins for Editor in 0.00 ms.
Invoked RoslynAnalysisRunner static constructor.
RoslynAnalysisRunner will not be running.
RoslynAnalysisRunner has terminated.
Mono: successfully reloaded assembly
- Completed reload, in  0.627 seconds
Platform modules already initialized, skipping
Refreshing native plugins compatible for Editor in 0.70 ms, found 1 plugins.
Preloading 0 native plugins for Editor in 0.00 ms.
Unloading 1904 Unused Serialized files (Serialized files now loaded: 0)
System memory in use before: 92.9 MB.
System memory in use after: 93.0 MB.

Unloading 20 unused Assets to reduce memory usage. Loaded Objects now: 2360.
Total: 1.782400 ms (FindLiveObjects: 0.269800 ms CreateObjectMapping: 0.050700 ms MarkObjects: 1.447700 ms  DeleteObjects: 0.013200 ms)

========================================================================
Received Prepare
Registering precompiled user dll's ...
Registered in 0.001474 seconds.
Begin MonoManager ReloadAssembly
Native extension for WindowsStandalone target not found
Refreshing native plugins compatible for Editor in 1.20 ms, found 1 plugins.
Preloading 0 native plugins for Editor in 0.00 ms.
Invoked RoslynAnalysisRunner static constructor.
RoslynAnalysisRunner will not be running.
RoslynAnalysisRunner has terminated.
Mono: successfully reloaded assembly
- Completed reload, in  0.891 seconds
Platform modules already initialized, skipping
Refreshing native plugins compatible for Editor in 1.40 ms, found 1 plugins.
Preloading 0 native plugins for Editor in 0.00 ms.
Unloading 1904 Unused Serialized files (Serialized files now loaded: 0)
System memory in use before: 92.9 MB.
System memory in use after: 93.1 MB.

Unloading 20 unused Assets to reduce memory usage. Loaded Objects now: 2364.
Total: 2.109200 ms (FindLiveObjects: 0.418000 ms CreateObjectMapping: 0.055600 ms MarkObjects: 1.617500 ms  DeleteObjects: 0.017000 ms)

========================================================================
Received Prepare
Registering precompiled user dll's ...
Registered in 0.001308 seconds.
Begin MonoManager ReloadAssembly
Native extension for WindowsStandalone target not found
Refreshing native plugins compatible for Editor in 0.57 ms, found 1 plugins.
Preloading 0 native plugins for Editor in 0.00 ms.
Invoked RoslynAnalysisRunner static constructor.
RoslynAnalysisRunner will not be running.
RoslynAnalysisRunner has terminated.
Mono: successfully reloaded assembly
- Completed reload, in  0.623 seconds
Platform modules already initialized, skipping
Refreshing native plugins compatible for Editor in 0.88 ms, found 1 plugins.
Preloading 0 native plugins for Editor in 0.00 ms.
Unloading 1904 Unused Serialized files (Serialized files now loaded: 0)
System memory in use before: 93.0 MB.
System memory in use after: 93.1 MB.

Unloading 20 unused Assets to reduce memory usage. Loaded Objects now: 2368.
Total: 1.638100 ms (FindLiveObjects: 0.184000 ms CreateObjectMapping: 0.038200 ms MarkObjects: 1.403000 ms  DeleteObjects: 0.012300 ms)

========================================================================
Received Prepare
Registering precompiled user dll's ...
Registered in 0.001304 seconds.
Begin MonoManager ReloadAssembly
Native extension for WindowsStandalone target not found
Refreshing native plugins compatible for Editor in 0.63 ms, found 1 plugins.
Preloading 0 native plugins for Editor in 0.00 ms.
Invoked RoslynAnalysisRunner static constructor.
RoslynAnalysisRunner will not be running.
RoslynAnalysisRunner has terminated.
Mono: successfully reloaded assembly
- Completed reload, in  0.688 seconds
Platform modules already initialized, skipping
Refreshing native plugins compatible for Editor in 0.66 ms, found 1 plugins.
Preloading 0 native plugins for Editor in 0.00 ms.
Unloading 1904 Unused Serialized files (Serialized files now loaded: 0)
System memory in use before: 93.0 MB.
System memory in use after: 93.1 MB.

Unloading 20 unused Assets to reduce memory usage. Loaded Objects now: 2372.
Total: 1.688800 ms (FindLiveObjects: 0.190100 ms CreateObjectMapping: 0.051500 ms MarkObjects: 1.432600 ms  DeleteObjects: 0.013900 ms)

========================================================================
Received Prepare
Registering precompiled user dll's ...
Registered in 0.001275 seconds.
Begin MonoManager ReloadAssembly
Native extension for WindowsStandalone target not found
Refreshing native plugins compatible for Editor in 0.55 ms, found 1 plugins.
Preloading 0 native plugins for Editor in 0.00 ms.
Invoked RoslynAnalysisRunner static constructor.
RoslynAnalysisRunner will not be running.
RoslynAnalysisRunner has terminated.
Mono: successfully reloaded assembly
- Completed reload, in  0.636 seconds
Platform modules already initialized, skipping
Refreshing native plugins compatible for Editor in 0.72 ms, found 1 plugins.
Preloading 0 native plugins for Editor in 0.00 ms.
Unloading 1904 Unused Serialized files (Serialized files now loaded: 0)
System memory in use before: 93.0 MB.
System memory in use after: 93.1 MB.

Unloading 20 unused Assets to reduce memory usage. Loaded Objects now: 2376.
Total: 1.843900 ms (FindLiveObjects: 0.353200 ms CreateObjectMapping: 0.052700 ms MarkObjects: 1.424600 ms  DeleteObjects: 0.012300 ms)

========================================================================
Received Prepare
Registering precompiled user dll's ...
Registered in 0.001182 seconds.
Begin MonoManager ReloadAssembly
Native extension for WindowsStandalone target not found
Refreshing native plugins compatible for Editor in 0.72 ms, found 1 plugins.
Preloading 0 native plugins for Editor in 0.00 ms.
Invoked RoslynAnalysisRunner static constructor.
RoslynAnalysisRunner will not be running.
RoslynAnalysisRunner has terminated.
Mono: successfully reloaded assembly
- Completed reload, in  0.636 seconds
Platform modules already initialized, skipping
Refreshing native plugins compatible for Editor in 1.13 ms, found 1 plugins.
Preloading 0 native plugins for Editor in 0.00 ms.
Unloading 1904 Unused Serialized files (Serialized files now loaded: 0)
System memory in use before: 93.0 MB.
System memory in use after: 93.1 MB.

Unloading 20 unused Assets to reduce memory usage. Loaded Objects now: 2380.
Total: 1.680700 ms (FindLiveObjects: 0.213200 ms CreateObjectMapping: 0.039000 ms MarkObjects: 1.415100 ms  DeleteObjects: 0.012600 ms)

========================================================================
Received Prepare
Registering precompiled user dll's ...
Registered in 0.001353 seconds.
Begin MonoManager ReloadAssembly
Native extension for WindowsStandalone target not found
Refreshing native plugins compatible for Editor in 0.67 ms, found 1 plugins.
Preloading 0 native plugins for Editor in 0.00 ms.
Invoked RoslynAnalysisRunner static constructor.
RoslynAnalysisRunner will not be running.
RoslynAnalysisRunner has terminated.
Mono: successfully reloaded assembly
- Completed reload, in  0.626 seconds
Platform modules already initialized, skipping
Refreshing native plugins compatible for Editor in 0.66 ms, found 1 plugins.
Preloading 0 native plugins for Editor in 0.00 ms.
Unloading 1904 Unused Serialized files (Serialized files now loaded: 0)
System memory in use before: 93.0 MB.
System memory in use after: 93.1 MB.

Unloading 20 unused Assets to reduce memory usage. Loaded Objects now: 2384.
Total: 1.747600 ms (FindLiveObjects: 0.254900 ms CreateObjectMapping: 0.051200 ms MarkObjects: 1.426900 ms  DeleteObjects: 0.013600 ms)

========================================================================
Received Prepare
Registering precompiled user dll's ...
Registered in 0.001412 seconds.
Begin MonoManager ReloadAssembly
Native extension for WindowsStandalone target not found
Refreshing native plugins compatible for Editor in 0.66 ms, found 1 plugins.
Preloading 0 native plugins for Editor in 0.00 ms.
Invoked RoslynAnalysisRunner static constructor.
RoslynAnalysisRunner will not be running.
RoslynAnalysisRunner has terminated.
Mono: successfully reloaded assembly
- Completed reload, in  0.599 seconds
Platform modules already initialized, skipping
Refreshing native plugins compatible for Editor in 0.67 ms, found 1 plugins.
Preloading 0 native plugins for Editor in 0.00 ms.
Unloading 1911 Unused Serialized files (Serialized files now loaded: 0)
System memory in use before: 93.4 MB.
System memory in use after: 93.5 MB.

Unloading 20 unused Assets to reduce memory usage. Loaded Objects now: 2395.
Total: 1.926600 ms (FindLiveObjects: 0.151700 ms CreateObjectMapping: 0.047100 ms MarkObjects: 1.713400 ms  DeleteObjects: 0.013700 ms)

========================================================================
Received Import Request.
  Time since last request: 265.234341 seconds.
  path: Assets/2_Game/0_Prefab
  artifactKey: Guid(e688b8d9d7597fc49acca54cd1ebf347) Importer(815301076,1909f56bfc062723c751e8b465ee728b)
Start importing Assets/2_Game/0_Prefab using Guid(e688b8d9d7597fc49acca54cd1ebf347) Importer(815301076,1909f56bfc062723c751e8b465ee728b)  -> (artifact id: '1fdf3f60ff620faee4785f93e5ec0f04') in 0.009085 seconds
  Import took 0.012210 seconds .

========================================================================
Received Import Request.
  Time since last request: 4.254321 seconds.
  path: Assets/2_Game/0_Prefab/Map
  artifactKey: Guid(6ee335b3b7ebcc74683a53e7d2777497) Importer(815301076,1909f56bfc062723c751e8b465ee728b)
Start importing Assets/2_Game/0_Prefab/Map using Guid(6ee335b3b7ebcc74683a53e7d2777497) Importer(815301076,1909f56bfc062723c751e8b465ee728b)  -> (artifact id: '75d41c1c4dd1bfc488014862c39ae180') in 0.005358 seconds
  Import took 0.008204 seconds .

========================================================================
Received Import Request.
  Time since last request: 10.637766 seconds.
  path: Assets/2_Game/6_Palette
  artifactKey: Guid(fe4195b4415e2c942974deb78758a2a5) Importer(815301076,1909f56bfc062723c751e8b465ee728b)
Start importing Assets/2_Game/6_Palette using Guid(fe4195b4415e2c942974deb78758a2a5) Importer(815301076,1909f56bfc062723c751e8b465ee728b)  -> (artifact id: '5228a9c35cf7fd46be9922042089b236') in 0.005838 seconds
  Import took 0.008696 seconds .

========================================================================
Received Import Request.
  Time since last request: 7.328794 seconds.
  path: Assets/roomTemplates/Old
  artifactKey: Guid(ff459e6abf8481142af7297b34186eff) Importer(815301076,1909f56bfc062723c751e8b465ee728b)
Start importing Assets/roomTemplates/Old using Guid(ff459e6abf8481142af7297b34186eff) Importer(815301076,1909f56bfc062723c751e8b465ee728b)  -> (artifact id: '3fff7c46a07c048945adf2b5457bd4b1') in 0.006094 seconds
  Import took 0.008983 seconds .

========================================================================
Received Import Request.
  Time since last request: 3.379374 seconds.
  path: Assets/roomTemplates/Old/roomBasic02.psd
  artifactKey: Guid(8273ac7b7da1fb94292582038326a6c6) Importer(815301076,1909f56bfc062723c751e8b465ee728b)
Start importing Assets/roomTemplates/Old/roomBasic02.psd using Guid(8273ac7b7da1fb94292582038326a6c6) Importer(815301076,1909f56bfc062723c751e8b465ee728b)  -> (artifact id: '9f730988333c500c63726420b9ffe154') in 0.053151 seconds
  Import took 0.056234 seconds .

========================================================================
Received Import Request.
  Time since last request: 5.037345 seconds.
  path: Assets/2_Game/2_Sprite
  artifactKey: Guid(71fbbaf85dae51b4086238eb4064b10f) Importer(815301076,1909f56bfc062723c751e8b465ee728b)
Start importing Assets/2_Game/2_Sprite using Guid(71fbbaf85dae51b4086238eb4064b10f) Importer(815301076,1909f56bfc062723c751e8b465ee728b)  -> (artifact id: '189065d56d6f578624b1d10035a79ad4') in 0.006166 seconds
  Import took 0.009486 seconds .

========================================================================
Received Import Request.
  Time since last request: 4.744359 seconds.
  path: Assets/Scenes/Main.unity
  artifactKey: Guid(2cda990e2423bbf4892e6590ba056729) Importer(815301076,1909f56bfc062723c751e8b465ee728b)
Start importing Assets/Scenes/Main.unity using Guid(2cda990e2423bbf4892e6590ba056729) Importer(815301076,1909f56bfc062723c751e8b465ee728b)  -> (artifact id: '55bebc030f3ec4fc077972a72d8f8f24') in 0.006336 seconds
  Import took 0.009222 seconds .

========================================================================
Received Import Request.
  Time since last request: 3.659992 seconds.
  path: Assets/Scenes/Main.unity
  artifactKey: Guid(2cda990e2423bbf4892e6590ba056729) Importer(815301076,1909f56bfc062723c751e8b465ee728b)
Start importing Assets/Scenes/Main.unity using Guid(2cda990e2423bbf4892e6590ba056729) Importer(815301076,1909f56bfc062723c751e8b465ee728b)  -> (artifact id: '1037fc2d35a8d4d083981e1494b11a1f') in 0.002974 seconds
  Import took 0.005847 seconds .

========================================================================
Received Import Request.
  Time since last request: 11.052898 seconds.
  path: Assets/2_Game/5_Scene/Game.unity
  artifactKey: Guid(4e082aebabf35cd44b18f22fa7cd8f03) Importer(815301076,1909f56bfc062723c751e8b465ee728b)
Start importing Assets/2_Game/5_Scene/Game.unity using Guid(4e082aebabf35cd44b18f22fa7cd8f03) Importer(815301076,1909f56bfc062723c751e8b465ee728b)  -> (artifact id: 'b46beb53b91f48ffe4f85de95d07c500') in 0.006459 seconds
  Import took 0.009458 seconds .

========================================================================
Received Import Request.
  Time since last request: 9.773862 seconds.
  path: Assets/2_Game/5_Scene/Game.unity
  artifactKey: Guid(2cda990e2423bbf4892e6590ba056729) Importer(815301076,1909f56bfc062723c751e8b465ee728b)
Start importing Assets/2_Game/5_Scene/Game.unity using Guid(2cda990e2423bbf4892e6590ba056729) Importer(815301076,1909f56bfc062723c751e8b465ee728b)  -> (artifact id: '14fa7afa5520a305a8fbd99e11675486') in 0.002792 seconds
  Import took 0.006012 seconds .

========================================================================
Received Import Request.
  Time since last request: 16.901881 seconds.
  path: Assets/2_Game/7_Tiles
  artifactKey: Guid(f3459f9427e83784bae06a9535fc0480) Importer(815301076,1909f56bfc062723c751e8b465ee728b)
Start importing Assets/2_Game/7_Tiles using Guid(f3459f9427e83784bae06a9535fc0480) Importer(815301076,1909f56bfc062723c751e8b465ee728b)  -> (artifact id: '231aed84dd2fb00ee4906f76e52685fd') in 0.006308 seconds
  Import took 0.009191 seconds .

========================================================================
Received Import Request.
  Time since last request: 4.412234 seconds.
  path: Assets/Script/MoveBox.cs
  artifactKey: Guid(33661ce5a6f9eee419ceb7afade858c6) Importer(815301076,1909f56bfc062723c751e8b465ee728b)
Start importing Assets/Script/MoveBox.cs using Guid(33661ce5a6f9eee419ceb7afade858c6) Importer(815301076,1909f56bfc062723c751e8b465ee728b)  -> (artifact id: '72527d4af7bd3a17e4488916acf30a87') in 0.010571 seconds
  Import took 0.013372 seconds .

========================================================================
Received Prepare
Registering precompiled user dll's ...
Registered in 0.001355 seconds.
Begin MonoManager ReloadAssembly
Native extension for WindowsStandalone target not found
Refreshing native plugins compatible for Editor in 0.69 ms, found 1 plugins.
Preloading 0 native plugins for Editor in 0.00 ms.
Invoked RoslynAnalysisRunner static constructor.
RoslynAnalysisRunner will not be running.
RoslynAnalysisRunner has terminated.
Mono: successfully reloaded assembly
- Completed reload, in  0.640 seconds
Platform modules already initialized, skipping
Refreshing native plugins compatible for Editor in 0.70 ms, found 1 plugins.
Preloading 0 native plugins for Editor in 0.00 ms.
Unloading 1910 Unused Serialized files (Serialized files now loaded: 0)
System memory in use before: 93.5 MB.
System memory in use after: 93.6 MB.

Unloading 21 unused Assets to reduce memory usage. Loaded Objects now: 2402.
Total: 1.677300 ms (FindLiveObjects: 0.195500 ms CreateObjectMapping: 0.037200 ms MarkObjects: 1.428600 ms  DeleteObjects: 0.015400 ms)

========================================================================
Received Prepare
Registering precompiled user dll's ...
Registered in 0.001376 seconds.
Begin MonoManager ReloadAssembly
Native extension for WindowsStandalone target not found
Refreshing native plugins compatible for Editor in 0.64 ms, found 1 plugins.
Preloading 0 native plugins for Editor in 0.00 ms.
Invoked RoslynAnalysisRunner static constructor.
RoslynAnalysisRunner will not be running.
RoslynAnalysisRunner has terminated.
Mono: successfully reloaded assembly
- Completed reload, in  0.636 seconds
Platform modules already initialized, skipping
Refreshing native plugins compatible for Editor in 1.37 ms, found 1 plugins.
Preloading 0 native plugins for Editor in 0.00 ms.
Unloading 1910 Unused Serialized files (Serialized files now loaded: 0)
System memory in use before: 93.5 MB.
System memory in use after: 93.6 MB.

Unloading 20 unused Assets to reduce memory usage. Loaded Objects now: 2406.
Total: 1.790600 ms (FindLiveObjects: 0.215100 ms CreateObjectMapping: 0.052100 ms MarkObjects: 1.508100 ms  DeleteObjects: 0.014200 ms)

========================================================================
Received Prepare
Registering precompiled user dll's ...
Registered in 0.001704 seconds.
Begin MonoManager ReloadAssembly
Native extension for WindowsStandalone target not found
Refreshing native plugins compatible for Editor in 0.65 ms, found 1 plugins.
Preloading 0 native plugins for Editor in 0.00 ms.
Invoked RoslynAnalysisRunner static constructor.
RoslynAnalysisRunner will not be running.
RoslynAnalysisRunner has terminated.
Mono: successfully reloaded assembly
- Completed reload, in  0.647 seconds
Platform modules already initialized, skipping
Refreshing native plugins compatible for Editor in 0.85 ms, found 1 plugins.
Preloading 0 native plugins for Editor in 0.00 ms.
Unloading 1910 Unused Serialized files (Serialized files now loaded: 0)
System memory in use before: 93.5 MB.
System memory in use after: 93.6 MB.

Unloading 20 unused Assets to reduce memory usage. Loaded Objects now: 2410.
Total: 1.770900 ms (FindLiveObjects: 0.211500 ms CreateObjectMapping: 0.064000 ms MarkObjects: 1.480100 ms  DeleteObjects: 0.014600 ms)

========================================================================
Received Import Request.
  Time since last request: 29.121885 seconds.
  path: Assets/2_Game
  artifactKey: Guid(d44c0b814bf7ace4883a0c23d5c47296) Importer(815301076,1909f56bfc062723c751e8b465ee728b)
Start importing Assets/2_Game using Guid(d44c0b814bf7ace4883a0c23d5c47296) Importer(815301076,1909f56bfc062723c751e8b465ee728b)  -> (artifact id: '43f787e5488922fd7b0db14375578781') in 0.008302 seconds
  Import took 0.011213 seconds .

========================================================================
Received Import Request.
  Time since last request: 6.012704 seconds.
  path: Assets/2_Game/8_Materials
  artifactKey: Guid(1af6790ea19243449bf191a6775a0998) Importer(815301076,1909f56bfc062723c751e8b465ee728b)
Start importing Assets/2_Game/8_Materials using Guid(1af6790ea19243449bf191a6775a0998) Importer(815301076,1909f56bfc062723c751e8b465ee728b)  -> (artifact id: 'f83db2f6cd497f9e970367a26cc5f292') in 0.006036 seconds
  Import took 0.009080 seconds .

========================================================================
Received Import Request.
  Time since last request: 14.684353 seconds.
  path: Assets/0_Common
  artifactKey: Guid(3a339502cc7fa8543af620c666c9298b) Importer(815301076,1909f56bfc062723c751e8b465ee728b)
Start importing Assets/0_Common using Guid(3a339502cc7fa8543af620c666c9298b) Importer(815301076,1909f56bfc062723c751e8b465ee728b)  -> (artifact id: '3362e4de17845a3f0a19a0fd8ed9d434') in 0.006088 seconds
  Import took 0.008957 seconds .

========================================================================
Received Import Request.
  Time since last request: 0.000479 seconds.
  path: Assets/0_Common
  artifactKey: Guid(3a339502cc7fa8543af620c666c9298b) Importer(815301076,1909f56bfc062723c751e8b465ee728b)
Start importing Assets/0_Common using Guid(3a339502cc7fa8543af620c666c9298b) Importer(815301076,1909f56bfc062723c751e8b465ee728b)  -> (artifact id: '3362e4de17845a3f0a19a0fd8ed9d434') in 0.002337 seconds
  Import took 0.004429 seconds .

========================================================================
Received Prepare
Registering precompiled user dll's ...
Registered in 0.001248 seconds.
Begin MonoManager ReloadAssembly
Native extension for WindowsStandalone target not found
Refreshing native plugins compatible for Editor in 0.68 ms, found 1 plugins.
Preloading 0 native plugins for Editor in 0.00 ms.
Invoked RoslynAnalysisRunner static constructor.
RoslynAnalysisRunner will not be running.
RoslynAnalysisRunner has terminated.
Mono: successfully reloaded assembly
- Completed reload, in  0.650 seconds
Platform modules already initialized, skipping
Refreshing native plugins compatible for Editor in 0.82 ms, found 1 plugins.
Preloading 0 native plugins for Editor in 0.00 ms.
Unloading 1910 Unused Serialized files (Serialized files now loaded: 0)
System memory in use before: 93.5 MB.
System memory in use after: 93.6 MB.

Unloading 20 unused Assets to reduce memory usage. Loaded Objects now: 2414.
Total: 1.737300 ms (FindLiveObjects: 0.217200 ms CreateObjectMapping: 0.048900 ms MarkObjects: 1.455900 ms  DeleteObjects: 0.014700 ms)

========================================================================
Received Import Request.
  Time since last request: 154.870308 seconds.
  path: Assets/2_Game/2_Sprite/back.jpg
  artifactKey: Guid(f09979272885d8f45b1fd98f1cb85ed2) Importer(815301076,1909f56bfc062723c751e8b465ee728b)
Start importing Assets/2_Game/2_Sprite/back.jpg using Guid(f09979272885d8f45b1fd98f1cb85ed2) Importer(815301076,1909f56bfc062723c751e8b465ee728b)  -> (artifact id: 'a9d83cea5e1978419d48b27d22b295ba') in 0.084419 seconds
  Import took 0.087349 seconds .

========================================================================
Received Import Request.
  Time since last request: 0.002354 seconds.
  path: Assets/2_Game/2_Sprite/back.jpg
  artifactKey: Guid(f09979272885d8f45b1fd98f1cb85ed2) Importer(815301076,1909f56bfc062723c751e8b465ee728b)
Start importing Assets/2_Game/2_Sprite/back.jpg using Guid(f09979272885d8f45b1fd98f1cb85ed2) Importer(815301076,1909f56bfc062723c751e8b465ee728b)  -> (artifact id: 'a9d83cea5e1978419d48b27d22b295ba') in 0.010756 seconds
  Import took 0.013664 seconds .

========================================================================
Received Import Request.
  Time since last request: 73.920352 seconds.
  path: ProjectSettings/TagManager.asset
  artifactKey: Guid(00000000000000003000000000000000) Importer(815301076,1909f56bfc062723c751e8b465ee728b)
Start importing ProjectSettings/TagManager.asset using Guid(00000000000000003000000000000000) Importer(815301076,1909f56bfc062723c751e8b465ee728b)  -> (artifact id: 'c24d617a58ba20a2be01244c0d45e5a9') in 0.008904 seconds
  Import took 0.011758 seconds .

========================================================================
Received Import Request.
  Time since last request: 13.371491 seconds.
  path: Assets/2_Game/1_Script/Monster.cs
  artifactKey: Guid(2888a35d85af7d84382de8355b4e6532) Importer(815301076,1909f56bfc062723c751e8b465ee728b)
Start importing Assets/2_Game/1_Script/Monster.cs using Guid(2888a35d85af7d84382de8355b4e6532) Importer(815301076,1909f56bfc062723c751e8b465ee728b)  -> (artifact id: '72085eb3b53a87242ee1cfd2bf2fd4ca') in 0.006034 seconds
  Import took 0.008769 seconds .

========================================================================
Received Import Request.
  Time since last request: 7.551532 seconds.
  path: Assets/2_Game/1_Script/Bullet.cs
  artifactKey: Guid(0b6b6d44fb0c60b47a5a602230082a89) Importer(815301076,1909f56bfc062723c751e8b465ee728b)
Start importing Assets/2_Game/1_Script/Bullet.cs using Guid(0b6b6d44fb0c60b47a5a602230082a89) Importer(815301076,1909f56bfc062723c751e8b465ee728b)  -> (artifact id: '01702c02eeffdec90c2254ab91e48f17') in 0.005945 seconds
  Import took 0.008840 seconds .

========================================================================
Received Import Request.
  Time since last request: 0.000576 seconds.
  path: Assets/2_Game/1_Script/Bullet.cs
  artifactKey: Guid(0b6b6d44fb0c60b47a5a602230082a89) Importer(815301076,1909f56bfc062723c751e8b465ee728b)
Start importing Assets/2_Game/1_Script/Bullet.cs using Guid(0b6b6d44fb0c60b47a5a602230082a89) Importer(815301076,1909f56bfc062723c751e8b465ee728b)  -> (artifact id: '01702c02eeffdec90c2254ab91e48f17') in 0.002604 seconds
  Import took 0.005360 seconds .

========================================================================
Received Import Request.
  Time since last request: 0.531552 seconds.
  path: Assets/2_Game/1_Script/CamFollow.cs
  artifactKey: Guid(008aa7c7a0e3c6644bc5606277972433) Importer(815301076,1909f56bfc062723c751e8b465ee728b)
Start importing Assets/2_Game/1_Script/CamFollow.cs using Guid(008aa7c7a0e3c6644bc5606277972433) Importer(815301076,1909f56bfc062723c751e8b465ee728b)  -> (artifact id: '5feb87953fa4c89d08535b5ea8511650') in 0.005796 seconds
  Import took 0.008587 seconds .

========================================================================
Received Import Request.
  Time since last request: 0.000520 seconds.
  path: Assets/2_Game/1_Script/CamFollow.cs
  artifactKey: Guid(008aa7c7a0e3c6644bc5606277972433) Importer(815301076,1909f56bfc062723c751e8b465ee728b)
Start importing Assets/2_Game/1_Script/CamFollow.cs using Guid(008aa7c7a0e3c6644bc5606277972433) Importer(815301076,1909f56bfc062723c751e8b465ee728b)  -> (artifact id: '5feb87953fa4c89d08535b5ea8511650') in 0.002011 seconds
  Import took 0.003864 seconds .

========================================================================
Received Import Request.
  Time since last request: 67.908555 seconds.
  path: Assets/2_Game/0_Prefab/Bullet.prefab
  artifactKey: Guid(93c1c0f5df6dc924fb2108753e84efe0) Importer(815301076,1909f56bfc062723c751e8b465ee728b)
Start importing Assets/2_Game/0_Prefab/Bullet.prefab using Guid(93c1c0f5df6dc924fb2108753e84efe0) Importer(815301076,1909f56bfc062723c751e8b465ee728b)  -> (artifact id: 'ae90d22d39c94c3b45ac942e39d092b7') in 0.025038 seconds
  Import took 0.028163 seconds .

========================================================================
Received Prepare
Registering precompiled user dll's ...
Registered in 0.001519 seconds.
Begin MonoManager ReloadAssembly
Native extension for WindowsStandalone target not found
Refreshing native plugins compatible for Editor in 0.61 ms, found 1 plugins.
Preloading 0 native plugins for Editor in 0.00 ms.
Invoked RoslynAnalysisRunner static constructor.
RoslynAnalysisRunner will not be running.
RoslynAnalysisRunner has terminated.
Mono: successfully reloaded assembly
- Completed reload, in  0.638 seconds
Platform modules already initialized, skipping
Refreshing native plugins compatible for Editor in 1.03 ms, found 1 plugins.
Preloading 0 native plugins for Editor in 0.00 ms.
Unloading 1910 Unused Serialized files (Serialized files now loaded: 0)
System memory in use before: 93.6 MB.
System memory in use after: 93.7 MB.

Unloading 23 unused Assets to reduce memory usage. Loaded Objects now: 2425.
Total: 2.370600 ms (FindLiveObjects: 0.345900 ms CreateObjectMapping: 0.042800 ms MarkObjects: 1.923100 ms  DeleteObjects: 0.058000 ms)

========================================================================
Received Prepare
Registering precompiled user dll's ...
Registered in 0.001577 seconds.
Begin MonoManager ReloadAssembly
Native extension for WindowsStandalone target not found
Refreshing native plugins compatible for Editor in 0.69 ms, found 1 plugins.
Preloading 0 native plugins for Editor in 0.00 ms.
Invoked RoslynAnalysisRunner static constructor.
RoslynAnalysisRunner will not be running.
RoslynAnalysisRunner has terminated.
Mono: successfully reloaded assembly
- Completed reload, in  0.693 seconds
Platform modules already initialized, skipping
Refreshing native plugins compatible for Editor in 0.67 ms, found 1 plugins.
Preloading 0 native plugins for Editor in 0.00 ms.
Unloading 1910 Unused Serialized files (Serialized files now loaded: 0)
System memory in use before: 93.6 MB.
System memory in use after: 93.7 MB.

Unloading 20 unused Assets to reduce memory usage. Loaded Objects now: 2429.
Total: 1.955500 ms (FindLiveObjects: 0.318900 ms CreateObjectMapping: 0.071100 ms MarkObjects: 1.548600 ms  DeleteObjects: 0.016000 ms)

========================================================================
Received Prepare
Registering precompiled user dll's ...
Registered in 0.001472 seconds.
Begin MonoManager ReloadAssembly
Native extension for WindowsStandalone target not found
Refreshing native plugins compatible for Editor in 0.67 ms, found 1 plugins.
Preloading 0 native plugins for Editor in 0.00 ms.
Invoked RoslynAnalysisRunner static constructor.
RoslynAnalysisRunner will not be running.
RoslynAnalysisRunner has terminated.
Mono: successfully reloaded assembly
- Completed reload, in  0.638 seconds
Platform modules already initialized, skipping
Refreshing native plugins compatible for Editor in 0.69 ms, found 1 plugins.
Preloading 0 native plugins for Editor in 0.00 ms.
Unloading 1910 Unused Serialized files (Serialized files now loaded: 0)
System memory in use before: 93.6 MB.
System memory in use after: 93.7 MB.

Unloading 20 unused Assets to reduce memory usage. Loaded Objects now: 2433.
Total: 1.717300 ms (FindLiveObjects: 0.222600 ms CreateObjectMapping: 0.052300 ms MarkObjects: 1.427400 ms  DeleteObjects: 0.014400 ms)

========================================================================
Received Prepare
Registering precompiled user dll's ...
Registered in 0.001839 seconds.
Begin MonoManager ReloadAssembly
Native extension for WindowsStandalone target not found
Refreshing native plugins compatible for Editor in 0.62 ms, found 1 plugins.
Preloading 0 native plugins for Editor in 0.00 ms.
Invoked RoslynAnalysisRunner static constructor.
RoslynAnalysisRunner will not be running.
RoslynAnalysisRunner has terminated.
Mono: successfully reloaded assembly
- Completed reload, in  0.630 seconds
Platform modules already initialized, skipping
Refreshing native plugins compatible for Editor in 0.66 ms, found 1 plugins.
Preloading 0 native plugins for Editor in 0.00 ms.
Unloading 1910 Unused Serialized files (Serialized files now loaded: 0)
System memory in use before: 93.6 MB.
System memory in use after: 93.7 MB.

Unloading 20 unused Assets to reduce memory usage. Loaded Objects now: 2437.
Total: 2.224700 ms (FindLiveObjects: 0.322400 ms CreateObjectMapping: 0.050800 ms MarkObjects: 1.835100 ms  DeleteObjects: 0.015600 ms)

========================================================================
Received Prepare
Registering precompiled user dll's ...
Registered in 0.001185 seconds.
Begin MonoManager ReloadAssembly
Native extension for WindowsStandalone target not found
Refreshing native plugins compatible for Editor in 0.64 ms, found 1 plugins.
Preloading 0 native plugins for Editor in 0.00 ms.
Invoked RoslynAnalysisRunner static constructor.
RoslynAnalysisRunner will not be running.
RoslynAnalysisRunner has terminated.
Mono: successfully reloaded assembly
- Completed reload, in  0.637 seconds
Platform modules already initialized, skipping
Refreshing native plugins compatible for Editor in 0.68 ms, found 1 plugins.
Preloading 0 native plugins for Editor in 0.00 ms.
Unloading 1910 Unused Serialized files (Serialized files now loaded: 0)
System memory in use before: 93.6 MB.
System memory in use after: 93.7 MB.

Unloading 20 unused Assets to reduce memory usage. Loaded Objects now: 2441.
Total: 1.790400 ms (FindLiveObjects: 0.212100 ms CreateObjectMapping: 0.051200 ms MarkObjects: 1.512700 ms  DeleteObjects: 0.013500 ms)

========================================================================
Received Import Request.
  Time since last request: 110.618641 seconds.
  path: Assets/2_Game/1_Script/FindEnemy.cs
  artifactKey: Guid(4429e07b2027733438def9c68c08475b) Importer(815301076,1909f56bfc062723c751e8b465ee728b)
Start importing Assets/2_Game/1_Script/FindEnemy.cs using Guid(4429e07b2027733438def9c68c08475b) Importer(815301076,1909f56bfc062723c751e8b465ee728b)  -> (artifact id: '87ebabffee8f6642b45d65a50ca0d3d7') in 0.008600 seconds
  Import took 0.011694 seconds .

========================================================================
Received Prepare
Registering precompiled user dll's ...
Registered in 0.002181 seconds.
Begin MonoManager ReloadAssembly
Native extension for WindowsStandalone target not found
Refreshing native plugins compatible for Editor in 0.66 ms, found 1 plugins.
Preloading 0 native plugins for Editor in 0.00 ms.
Invoked RoslynAnalysisRunner static constructor.
RoslynAnalysisRunner will not be running.
RoslynAnalysisRunner has terminated.
Mono: successfully reloaded assembly
- Completed reload, in  0.673 seconds
Platform modules already initialized, skipping
Refreshing native plugins compatible for Editor in 0.67 ms, found 1 plugins.
Preloading 0 native plugins for Editor in 0.00 ms.
Unloading 1910 Unused Serialized files (Serialized files now loaded: 0)
System memory in use before: 93.6 MB.
System memory in use after: 93.7 MB.

Unloading 20 unused Assets to reduce memory usage. Loaded Objects now: 2445.
Total: 2.095200 ms (FindLiveObjects: 0.207000 ms CreateObjectMapping: 0.048600 ms MarkObjects: 1.824800 ms  DeleteObjects: 0.014000 ms)

========================================================================
Received Prepare
Registering precompiled user dll's ...
Registered in 0.001273 seconds.
Begin MonoManager ReloadAssembly
Native extension for WindowsStandalone target not found
Refreshing native plugins compatible for Editor in 0.63 ms, found 1 plugins.
Preloading 0 native plugins for Editor in 0.00 ms.
Invoked RoslynAnalysisRunner static constructor.
RoslynAnalysisRunner will not be running.
RoslynAnalysisRunner has terminated.
Mono: successfully reloaded assembly
- Completed reload, in  0.639 seconds
Platform modules already initialized, skipping
Refreshing native plugins compatible for Editor in 0.66 ms, found 1 plugins.
Preloading 0 native plugins for Editor in 0.00 ms.
Unloading 1910 Unused Serialized files (Serialized files now loaded: 0)
System memory in use before: 93.6 MB.
System memory in use after: 93.7 MB.

Unloading 20 unused Assets to reduce memory usage. Loaded Objects now: 2449.
Total: 1.703000 ms (FindLiveObjects: 0.205300 ms CreateObjectMapping: 0.050800 ms MarkObjects: 1.433000 ms  DeleteObjects: 0.013200 ms)

========================================================================
Received Import Request.
  Time since last request: 190.264471 seconds.
  path: Assets/2_Game/3_Animation
  artifactKey: Guid(d82d53d21f2d3614db2ed14f875bb407) Importer(815301076,1909f56bfc062723c751e8b465ee728b)
Start importing Assets/2_Game/3_Animation using Guid(d82d53d21f2d3614db2ed14f875bb407) Importer(815301076,1909f56bfc062723c751e8b465ee728b)  -> (artifact id: 'f7715a41476413284ab7fc218614ea5f') in 0.008744 seconds
  Import took 0.011583 seconds .

========================================================================
Received Prepare
Registering precompiled user dll's ...
Registered in 0.001239 seconds.
Begin MonoManager ReloadAssembly
Native extension for WindowsStandalone target not found
Refreshing native plugins compatible for Editor in 0.59 ms, found 1 plugins.
Preloading 0 native plugins for Editor in 0.00 ms.
Invoked RoslynAnalysisRunner static constructor.
RoslynAnalysisRunner will not be running.
RoslynAnalysisRunner has terminated.
Mono: successfully reloaded assembly
- Completed reload, in  0.634 seconds
Platform modules already initialized, skipping
Refreshing native plugins compatible for Editor in 0.66 ms, found 1 plugins.
Preloading 0 native plugins for Editor in 0.00 ms.
Unloading 1910 Unused Serialized files (Serialized files now loaded: 0)
System memory in use before: 93.6 MB.
System memory in use after: 93.8 MB.

Unloading 20 unused Assets to reduce memory usage. Loaded Objects now: 2453.
Total: 1.845800 ms (FindLiveObjects: 0.217900 ms CreateObjectMapping: 0.038200 ms MarkObjects: 1.575500 ms  DeleteObjects: 0.013600 ms)

========================================================================
Received Prepare
Registering precompiled user dll's ...
Registered in 0.001502 seconds.
Begin MonoManager ReloadAssembly
Native extension for WindowsStandalone target not found
Refreshing native plugins compatible for Editor in 0.66 ms, found 1 plugins.
Preloading 0 native plugins for Editor in 0.00 ms.
Invoked RoslynAnalysisRunner static constructor.
RoslynAnalysisRunner will not be running.
RoslynAnalysisRunner has terminated.
Mono: successfully reloaded assembly
- Completed reload, in  0.615 seconds
Platform modules already initialized, skipping
Refreshing native plugins compatible for Editor in 0.91 ms, found 1 plugins.
Preloading 0 native plugins for Editor in 0.00 ms.
Unloading 1910 Unused Serialized files (Serialized files now loaded: 0)
System memory in use before: 93.6 MB.
System memory in use after: 93.8 MB.

Unloading 20 unused Assets to reduce memory usage. Loaded Objects now: 2457.
Total: 1.754200 ms (FindLiveObjects: 0.202600 ms CreateObjectMapping: 0.047200 ms MarkObjects: 1.490400 ms  DeleteObjects: 0.012800 ms)

========================================================================
Received Prepare
Registering precompiled user dll's ...
Registered in 0.001360 seconds.
Begin MonoManager ReloadAssembly
Native extension for WindowsStandalone target not found
Refreshing native plugins compatible for Editor in 0.64 ms, found 1 plugins.
Preloading 0 native plugins for Editor in 0.00 ms.
Invoked RoslynAnalysisRunner static constructor.
RoslynAnalysisRunner will not be running.
RoslynAnalysisRunner has terminated.
Mono: successfully reloaded assembly
- Completed reload, in  0.653 seconds
Platform modules already initialized, skipping
Refreshing native plugins compatible for Editor in 0.69 ms, found 1 plugins.
Preloading 0 native plugins for Editor in 0.00 ms.
Unloading 1910 Unused Serialized files (Serialized files now loaded: 0)
System memory in use before: 93.7 MB.
System memory in use after: 93.8 MB.

Unloading 20 unused Assets to reduce memory usage. Loaded Objects now: 2461.
Total: 1.852800 ms (FindLiveObjects: 0.231600 ms CreateObjectMapping: 0.047000 ms MarkObjects: 1.559500 ms  DeleteObjects: 0.014200 ms)

========================================================================
Received Prepare
Registering precompiled user dll's ...
Registered in 0.001264 seconds.
Begin MonoManager ReloadAssembly
Native extension for WindowsStandalone target not found
Refreshing native plugins compatible for Editor in 0.59 ms, found 1 plugins.
Preloading 0 native plugins for Editor in 0.00 ms.
Invoked RoslynAnalysisRunner static constructor.
RoslynAnalysisRunner will not be running.
RoslynAnalysisRunner has terminated.
Mono: successfully reloaded assembly
- Completed reload, in  0.634 seconds
Platform modules already initialized, skipping
Refreshing native plugins compatible for Editor in 0.66 ms, found 1 plugins.
Preloading 0 native plugins for Editor in 0.00 ms.
Unloading 1910 Unused Serialized files (Serialized files now loaded: 0)
System memory in use before: 93.7 MB.
System memory in use after: 93.8 MB.

Unloading 20 unused Assets to reduce memory usage. Loaded Objects now: 2465.
Total: 1.818000 ms (FindLiveObjects: 0.231300 ms CreateObjectMapping: 0.051300 ms MarkObjects: 1.522000 ms  DeleteObjects: 0.012600 ms)

========================================================================
Received Prepare
Registering precompiled user dll's ...
Registered in 0.001599 seconds.
Begin MonoManager ReloadAssembly
Native extension for WindowsStandalone target not found
Refreshing native plugins compatible for Editor in 0.68 ms, found 1 plugins.
Preloading 0 native plugins for Editor in 0.00 ms.
Invoked RoslynAnalysisRunner static constructor.
RoslynAnalysisRunner will not be running.
RoslynAnalysisRunner has terminated.
Mono: successfully reloaded assembly
- Completed reload, in  0.848 seconds
Platform modules already initialized, skipping
Refreshing native plugins compatible for Editor in 0.86 ms, found 1 plugins.
Preloading 0 native plugins for Editor in 0.00 ms.
Unloading 1910 Unused Serialized files (Serialized files now loaded: 0)
System memory in use before: 93.7 MB.
System memory in use after: 93.8 MB.

Unloading 20 unused Assets to reduce memory usage. Loaded Objects now: 2469.
Total: 2.236300 ms (FindLiveObjects: 0.430100 ms CreateObjectMapping: 0.079200 ms MarkObjects: 1.711600 ms  DeleteObjects: 0.014400 ms)

========================================================================
Received Import Request.
  Time since last request: 139.560595 seconds.
  path: Assets/2_Game/6_Palette/New Palette.prefab
  artifactKey: Guid(e2c2492afe41b214ba80ff83053f94a8) Importer(815301076,1909f56bfc062723c751e8b465ee728b)
Start importing Assets/2_Game/6_Palette/New Palette.prefab using Guid(e2c2492afe41b214ba80ff83053f94a8) Importer(815301076,1909f56bfc062723c751e8b465ee728b)  -> (artifact id: '7a5762584a7fa7528a1805853d161008') in 0.026822 seconds
  Import took 0.030304 seconds .

========================================================================
Received Import Request.
  Time since last request: 18.771502 seconds.
  path: Packages/com.unity.2d.tilemap/Editor/GridPaintPaletteClipboard.cs
  artifactKey: Guid(384ea3a769d6ffd44bcc7f03793e3adc) Importer(815301076,1909f56bfc062723c751e8b465ee728b)
Start importing Packages/com.unity.2d.tilemap/Editor/GridPaintPaletteClipboard.cs using Guid(384ea3a769d6ffd44bcc7f03793e3adc) Importer(815301076,1909f56bfc062723c751e8b465ee728b)  -> (artifact id: '6a75f6e89432ce75abefcadac6d0e650') in 0.007057 seconds
  Import took 0.010332 seconds .

========================================================================
Received Prepare
Registering precompiled user dll's ...
Registered in 0.001812 seconds.
Begin MonoManager ReloadAssembly
Native extension for WindowsStandalone target not found
Refreshing native plugins compatible for Editor in 0.64 ms, found 1 plugins.
Preloading 0 native plugins for Editor in 0.00 ms.
Invoked RoslynAnalysisRunner static constructor.
RoslynAnalysisRunner will not be running.
RoslynAnalysisRunner has terminated.
Mono: successfully reloaded assembly
- Completed reload, in  0.645 seconds
Platform modules already initialized, skipping
Refreshing native plugins compatible for Editor in 0.68 ms, found 1 plugins.
Preloading 0 native plugins for Editor in 0.00 ms.
Unloading 1910 Unused Serialized files (Serialized files now loaded: 0)
System memory in use before: 94.7 MB.
System memory in use after: 94.9 MB.

Unloading 20 unused Assets to reduce memory usage. Loaded Objects now: 2473.
Total: 1.761700 ms (FindLiveObjects: 0.232200 ms CreateObjectMapping: 0.053900 ms MarkObjects: 1.461000 ms  DeleteObjects: 0.013600 ms)

AssetImportWorkerClient::OnTransportError - code=2 error=End of file
